  [1m[36m (133.6ms)[0m  [1mCREATE TABLE "schema_migrations" ("version" varchar NOT NULL) [0m
  [1m[35m (0.0ms)[0m  select sqlite_version(*)
  [1m[36m (94.9ms)[0m  [1mCREATE UNIQUE INDEX "unique_schema_migrations" ON "schema_migrations" ("version")[0m
  [1m[35mActiveRecord::SchemaMigration Load (0.0ms)[0m  SELECT "schema_migrations".* FROM "schema_migrations"
Migrating to DeviseCreateCustomers (20160227140545)
  [1m[36m (0.0ms)[0m  [1mbegin transaction[0m
  [1m[35m (3.0ms)[0m  CREATE TABLE "customers" ("id" INTEGER PRIMARY KEY AUTOINCREMENT NOT NULL, "email" varchar DEFAULT '' NOT NULL, "encrypted_password" varchar DEFAULT '' NOT NULL, "reset_password_token" varchar, "reset_password_sent_at" datetime, "remember_created_at" datetime, "sign_in_count" integer DEFAULT 0 NOT NULL, "current_sign_in_at" datetime, "last_sign_in_at" datetime, "current_sign_in_ip" varchar, "last_sign_in_ip" varchar, "created_at" datetime NOT NULL, "updated_at" datetime NOT NULL) 
  [1m[36m (2.0ms)[0m  [1mCREATE UNIQUE INDEX "index_customers_on_email" ON "customers" ("email")[0m
  [1m[35m (1.0ms)[0m              SELECT sql
            FROM sqlite_master
            WHERE name='index_customers_on_email' AND type='index'
            UNION ALL
            SELECT sql
            FROM sqlite_temp_master
            WHERE name='index_customers_on_email' AND type='index'

  [1m[36m (0.0ms)[0m  [1mCREATE UNIQUE INDEX "index_customers_on_reset_password_token" ON "customers" ("reset_password_token")[0m
  [1m[35mSQL (0.0ms)[0m  INSERT INTO "schema_migrations" ("version") VALUES (?)  [["version", "20160227140545"]]
  [1m[36m (199.1ms)[0m  [1mcommit transaction[0m
  [1m[35mActiveRecord::SchemaMigration Load (0.0ms)[0m  SELECT "schema_migrations".* FROM "schema_migrations"
  [1m[36m (0.0ms)[0m  [1m            SELECT sql
            FROM sqlite_master
            WHERE name='index_customers_on_reset_password_token' AND type='index'
            UNION ALL
            SELECT sql
            FROM sqlite_temp_master
            WHERE name='index_customers_on_reset_password_token' AND type='index'
[0m
  [1m[35m (0.0ms)[0m              SELECT sql
            FROM sqlite_master
            WHERE name='index_customers_on_email' AND type='index'
            UNION ALL
            SELECT sql
            FROM sqlite_temp_master
            WHERE name='index_customers_on_email' AND type='index'

  [1m[36mActiveRecord::SchemaMigration Load (0.0ms)[0m  [1mSELECT "schema_migrations".* FROM "schema_migrations"[0m
Migrating to AddAttributes (20160227141051)
  [1m[35m (0.0ms)[0m  begin transaction
  [1m[36m (20.1ms)[0m  [1mALTER TABLE "Customers" ADD "first_name" varchar[0m
  [1m[35m (0.0ms)[0m  ALTER TABLE "Customers" ADD "last_name" varchar
  [1m[36m (1.0ms)[0m  [1mALTER TABLE "Customers" ADD "primary_cp_number" varchar[0m
  [1m[35m (1.0ms)[0m  ALTER TABLE "Customers" ADD "secondary_cp_number" varchar
  [1m[36mSQL (1.0ms)[0m  [1mINSERT INTO "schema_migrations" ("version") VALUES (?)[0m  [["version", "20160227141051"]]
  [1m[35m (148.8ms)[0m  commit transaction
  [1m[36mActiveRecord::SchemaMigration Load (1.0ms)[0m  [1mSELECT "schema_migrations".* FROM "schema_migrations"[0m
  [1m[35m (1.0ms)[0m              SELECT sql
            FROM sqlite_master
            WHERE name='index_customers_on_reset_password_token' AND type='index'
            UNION ALL
            SELECT sql
            FROM sqlite_temp_master
            WHERE name='index_customers_on_reset_password_token' AND type='index'

  [1m[36m (0.0ms)[0m  [1m            SELECT sql
            FROM sqlite_master
            WHERE name='index_customers_on_email' AND type='index'
            UNION ALL
            SELECT sql
            FROM sqlite_temp_master
            WHERE name='index_customers_on_email' AND type='index'
[0m
